{"numTotalTestSuites":161,"numPassedTestSuites":153,"numFailedTestSuites":8,"numPendingTestSuites":0,"numTotalTests":471,"numPassedTests":464,"numFailedTests":3,"numPendingTests":4,"numTodoTests":0,"snapshot":{"added":0,"failure":false,"filesAdded":0,"filesRemoved":0,"filesRemovedList":[],"filesUnmatched":0,"filesUpdated":0,"matched":0,"total":0,"unchecked":0,"uncheckedKeysByFile":[],"unmatched":0,"updated":0,"didUpdate":false},"startTime":1773167487144,"success":false,"testResults":[{"assertionResults":[{"ancestorTitles":["Test Environment Setup"],"fullName":"Test Environment Setup Jest is properly configured","status":"passed","title":"Jest is properly configured","duration":2.902599999999893,"failureMessages":[],"meta":{}},{"ancestorTitles":["Test Environment Setup"],"fullName":"Test Environment Setup DOM testing library is available","status":"passed","title":"DOM testing library is available","duration":24.773999999999432,"failureMessages":[],"meta":{}},{"ancestorTitles":["Test Environment Setup"],"fullName":"Test Environment Setup Jest mocks are working","status":"passed","title":"Jest mocks are working","duration":0.5927000000001499,"failureMessages":[],"meta":{}},{"ancestorTitles":["Test Environment Setup"],"fullName":"Test Environment Setup ES modules are supported","status":"passed","title":"ES modules are supported","duration":8.0617000000002,"failureMessages":[],"meta":{}}],"startTime":1773167512552,"endTime":1773167512589.0618,"status":"passed","message":"","name":"C:/Users/ganap/OneDrive/Attachments/Desktop/SE/CollabCanvas/frontend/src/__tests__/setup.test.ts"},{"assertionResults":[{"ancestorTitles":["DeletionSurveyModal"],"fullName":"DeletionSurveyModal does not render when isOpen is false","status":"passed","title":"does not render when isOpen is false","duration":126.16220000000067,"failureMessages":[],"meta":{}},{"ancestorTitles":["DeletionSurveyModal"],"fullName":"DeletionSurveyModal renders modal when isOpen is true","status":"passed","title":"renders modal when isOpen is true","duration":171.6950999999999,"failureMessages":[],"meta":{}},{"ancestorTitles":["DeletionSurveyModal"],"fullName":"DeletionSurveyModal submit button is disabled when no reason selected","status":"passed","title":"submit button is disabled when no reason selected","duration":354.65959999999995,"failureMessages":[],"meta":{}},{"ancestorTitles":["DeletionSurveyModal"],"fullName":"DeletionSurveyModal selecting a reason enables submit button","status":"passed","title":"selecting a reason enables submit button","duration":146.0716999999995,"failureMessages":[],"meta":{}},{"ancestorTitles":["DeletionSurveyModal"],"fullName":"DeletionSurveyModal fills feedback + suggestions fields correctly","status":"passed","title":"fills feedback + suggestions fields correctly","duration":108.90729999999985,"failureMessages":[],"meta":{}},{"ancestorTitles":["DeletionSurveyModal"],"fullName":"DeletionSurveyModal checks and unchecks optional checkboxes","status":"passed","title":"checks and unchecks optional checkboxes","duration":129.61229999999978,"failureMessages":[],"meta":{}},{"ancestorTitles":["DeletionSurveyModal"],"fullName":"DeletionSurveyModal calls onComplete when Skip Feedback is clicked","status":"passed","title":"calls onComplete when Skip Feedback is clicked","duration":81.1221000000005,"failureMessages":[],"meta":{}},{"ancestorTitles":["DeletionSurveyModal"],"fullName":"DeletionSurveyModal submits survey successfully and shows success UI","status":"passed","title":"submits survey successfully and shows success UI","duration":431.7561999999998,"failureMessages":[],"meta":{}},{"ancestorTitles":["DeletionSurveyModal"],"fullName":"DeletionSurveyModal alerts if API returns success:false","status":"passed","title":"alerts if API returns success:false","duration":122.2510000000002,"failureMessages":[],"meta":{}},{"ancestorTitles":["DeletionSurveyModal"],"fullName":"DeletionSurveyModal alerts on submit failure (throws)","status":"passed","title":"alerts on submit failure (throws)","duration":105.08669999999984,"failureMessages":[],"meta":{}},{"ancestorTitles":["DeletionSurveyModal"],"fullName":"DeletionSurveyModal allows selecting reason with keyboard (Enter)","status":"passed","title":"allows selecting reason with keyboard (Enter)","duration":136.53200000000106,"failureMessages":[],"meta":{}},{"ancestorTitles":["DeletionSurveyModal"],"fullName":"DeletionSurveyModal allows selecting reason with keyboard (Space)","status":"passed","title":"allows selecting reason with keyboard (Space)","duration":102.41579999999885,"failureMessages":[],"meta":{}}],"startTime":1773167500520,"endTime":1773167502540.4158,"status":"passed","message":"","name":"C:/Users/ganap/OneDrive/Attachments/Desktop/SE/CollabCanvas/frontend/src/__tests__/components/DeletionSurveyModal.test.tsx"},{"assertionResults":[{"ancestorTitles":["Sidebar"],"fullName":"Sidebar renders brand + nav items including new settings pages","status":"passed","title":"renders brand + nav items including new settings pages","duration":354.03650000000016,"failureMessages":[],"meta":{}},{"ancestorTitles":["Sidebar"],"fullName":"Sidebar renders user info from auth context initially","status":"passed","title":"renders user info from auth context initially","duration":77.47100000000046,"failureMessages":[],"meta":{}},{"ancestorTitles":["Sidebar"],"fullName":"Sidebar fetches user profile on mount and updates UI when API returns success","status":"passed","title":"fetches user profile on mount and updates UI when API returns success","duration":122.30229999999938,"failureMessages":[],"meta":{}},{"ancestorTitles":["Sidebar"],"fullName":"Sidebar does NOT fetch profile if user.id is missing","status":"passed","title":"does NOT fetch profile if user.id is missing","duration":56.66409999999996,"failureMessages":[],"meta":{}},{"ancestorTitles":["Sidebar"],"fullName":"Sidebar opens logout confirmation modal when Sign Out is clicked","status":"passed","title":"opens logout confirmation modal when Sign Out is clicked","duration":1946.1844,"failureMessages":[],"meta":{}},{"ancestorTitles":["Sidebar"],"fullName":"Sidebar closes logout modal when Cancel is clicked","status":"passed","title":"closes logout modal when Cancel is clicked","duration":247.84900000000016,"failureMessages":[],"meta":{}},{"ancestorTitles":["Sidebar"],"fullName":"Sidebar calls performLogout and navigates to /login when confirming sign out","status":"passed","title":"calls performLogout and navigates to /login when confirming sign out","duration":206.0034999999998,"failureMessages":[],"meta":{}},{"ancestorTitles":["Sidebar"],"fullName":"Sidebar shows alert if sign out fails","status":"passed","title":"shows alert if sign out fails","duration":270.2586000000001,"failureMessages":[],"meta":{}},{"ancestorTitles":["Sidebar"],"fullName":"Sidebar renders version footer","status":"passed","title":"renders version footer","duration":36.900000000000546,"failureMessages":[],"meta":{}}],"startTime":1773167497879,"endTime":1773167501196.9,"status":"passed","message":"","name":"C:/Users/ganap/OneDrive/Attachments/Desktop/SE/CollabCanvas/frontend/src/__tests__/components/Sidebar.test.tsx"},{"assertionResults":[{"ancestorTitles":["useSelection"],"fullName":"useSelection initializes correctly","status":"passed","title":"initializes correctly","duration":78.26280000000042,"failureMessages":[],"meta":{}},{"ancestorTitles":["useSelection"],"fullName":"useSelection updates dragBox state on drag","status":"passed","title":"updates dragBox state on drag","duration":20.916799999999967,"failureMessages":[],"meta":{}}],"startTime":1773167509017,"endTime":1773167509115.9167,"status":"passed","message":"","name":"C:/Users/ganap/OneDrive/Attachments/Desktop/SE/CollabCanvas/frontend/src/__tests__/hooks/useSelection.test.tsx"},{"assertionResults":[{"ancestorTitles":["useUndoRedo"],"fullName":"useUndoRedo should initialize with the provided state","status":"passed","title":"should initialize with the provided state","duration":38.686899999999696,"failureMessages":[],"meta":{}},{"ancestorTitles":["useUndoRedo"],"fullName":"useUndoRedo should update state and record history when setState is called","status":"passed","title":"should update state and record history when setState is called","duration":9.12960000000021,"failureMessages":[],"meta":{}},{"ancestorTitles":["useUndoRedo"],"fullName":"useUndoRedo should undo the last state change","status":"passed","title":"should undo the last state change","duration":23.863000000000284,"failureMessages":[],"meta":{}},{"ancestorTitles":["useUndoRedo"],"fullName":"useUndoRedo should redo an undone state change","status":"passed","title":"should redo an undone state change","duration":14.70640000000003,"failureMessages":[],"meta":{}},{"ancestorTitles":["useUndoRedo"],"fullName":"useUndoRedo should not add to history when replaceState is called","status":"passed","title":"should not add to history when replaceState is called","duration":7.201699999999619,"failureMessages":[],"meta":{}},{"ancestorTitles":["useUndoRedo"],"fullName":"useUndoRedo should clear future history when setState is called after undo","status":"passed","title":"should clear future history when setState is called after undo","duration":6.344000000000051,"failureMessages":[],"meta":{}}],"startTime":1773167508906,"endTime":1773167509006.344,"status":"passed","message":"","name":"C:/Users/ganap/OneDrive/Attachments/Desktop/SE/CollabCanvas/frontend/src/__tests__/hooks/useUndoRedo.test.ts"},{"assertionResults":[{"ancestorTitles":["Dashboard Component"],"fullName":"Dashboard Component renders dashboard header and welcome user","status":"passed","title":"renders dashboard header and welcome user","duration":386.3858,"failureMessages":[],"meta":{}},{"ancestorTitles":["Dashboard Component"],"fullName":"Dashboard Component shows loading spinner while fetching rooms","status":"passed","title":"shows loading spinner while fetching rooms","duration":67.77639999999883,"failureMessages":[],"meta":{}},{"ancestorTitles":["Dashboard Component"],"fullName":"Dashboard Component loads and displays my rooms","status":"passed","title":"loads and displays my rooms","duration":157.19490000000042,"failureMessages":[],"meta":{}},{"ancestorTitles":["Dashboard Component"],"fullName":"Dashboard Component filters rooms by search query","status":"passed","title":"filters rooms by search query","duration":680.2798000000003,"failureMessages":[],"meta":{}},{"ancestorTitles":["Dashboard Component"],"fullName":"Dashboard Component switches to Rooms Gallery tab and loads public rooms","status":"passed","title":"switches to Rooms Gallery tab and loads public rooms","duration":664.7325000000001,"failureMessages":[],"meta":{}},{"ancestorTitles":["Dashboard Component"],"fullName":"Dashboard Component opens Join Room modal when Join button clicked","status":"passed","title":"opens Join Room modal when Join button clicked","duration":263.8161,"failureMessages":[],"meta":{}},{"ancestorTitles":["Dashboard Component"],"fullName":"Dashboard Component opens Create Room modal when New Room clicked","status":"passed","title":"opens Create Room modal when New Room clicked","duration":292.33170000000064,"failureMessages":[],"meta":{}},{"ancestorTitles":["Dashboard Component"],"fullName":"Dashboard Component changes sort option and sorts rooms on the frontend","status":"passed","title":"changes sort option and sorts rooms on the frontend","duration":321.6997999999985,"failureMessages":[],"meta":{}}],"startTime":1773167495114,"endTime":1773167497948.6997,"status":"passed","message":"","name":"C:/Users/ganap/OneDrive/Attachments/Desktop/SE/CollabCanvas/frontend/src/__tests__/pages/Dashboard.test.tsx"},{"assertionResults":[{"ancestorTitles":["EmailVerificationPage"],"fullName":"EmailVerificationPage shows loading state initially","status":"passed","title":"shows loading state initially","duration":215.7442000000001,"failureMessages":[],"meta":{}},{"ancestorTitles":["EmailVerificationPage"],"fullName":"EmailVerificationPage fails immediately if no token exists","status":"passed","title":"fails immediately if no token exists","duration":87.87049999999999,"failureMessages":[],"meta":{}},{"ancestorTitles":["EmailVerificationPage"],"fullName":"EmailVerificationPage uses query token (?token=) over path token","status":"passed","title":"uses query token (?token=) over path token","duration":23.823099999999613,"failureMessages":[],"meta":{}},{"ancestorTitles":["EmailVerificationPage"],"fullName":"EmailVerificationPage uses path token if query token is missing","status":"passed","title":"uses path token if query token is missing","duration":48.07499999999982,"failureMessages":[],"meta":{}},{"ancestorTitles":["EmailVerificationPage"],"fullName":"EmailVerificationPage shows success UI when API returns success=true","status":"passed","title":"shows success UI when API returns success=true","duration":356.9511999999995,"failureMessages":[],"meta":{}},{"ancestorTitles":["EmailVerificationPage"],"fullName":"EmailVerificationPage redirects to /login after 3 seconds on success","status":"passed","title":"redirects to /login after 3 seconds on success","duration":161.95749999999953,"failureMessages":[],"meta":{}},{"ancestorTitles":["EmailVerificationPage"],"fullName":"EmailVerificationPage shows failed UI when API returns success=false with message","status":"passed","title":"shows failed UI when API returns success=false with message","duration":99.83699999999953,"failureMessages":[],"meta":{}},{"ancestorTitles":["EmailVerificationPage"],"fullName":"EmailVerificationPage shows default failed message when API returns success=false without message","status":"passed","title":"shows default failed message when API returns success=false without message","duration":222.95509999999922,"failureMessages":[],"meta":{}},{"ancestorTitles":["EmailVerificationPage"],"fullName":"EmailVerificationPage shows connection error when verifyEmailToken throws","status":"passed","title":"shows connection error when verifyEmailToken throws","duration":148.8141999999989,"failureMessages":[],"meta":{}},{"ancestorTitles":["EmailVerificationPage"],"fullName":"EmailVerificationPage prevents double API calls (StrictMode protection via useRef)","status":"passed","title":"prevents double API calls (StrictMode protection via useRef)","duration":36.29519999999866,"failureMessages":[],"meta":{}}],"startTime":1773167503339,"endTime":1773167504743.2952,"status":"passed","message":"","name":"C:/Users/ganap/OneDrive/Attachments/Desktop/SE/CollabCanvas/frontend/src/__tests__/pages/EmailVerificationPage.test.tsx"},{"assertionResults":[{"ancestorTitles":["ForgotPasswordPage"],"fullName":"ForgotPasswordPage renders initial UI correctly","status":"passed","title":"renders initial UI correctly","duration":615.5950000000012,"failureMessages":[],"meta":{}},{"ancestorTitles":["ForgotPasswordPage"],"fullName":"ForgotPasswordPage shows error if email is empty","status":"passed","title":"shows error if email is empty","duration":620.3912999999993,"failureMessages":[],"meta":{}},{"ancestorTitles":["ForgotPasswordPage"],"fullName":"ForgotPasswordPage shows error if email format is invalid","status":"passed","title":"shows error if email format is invalid","duration":677.0627999999997,"failureMessages":[],"meta":{}},{"ancestorTitles":["ForgotPasswordPage"],"fullName":"ForgotPasswordPage calls forgotPassword(email) when email is valid","status":"passed","title":"calls forgotPassword(email) when email is valid","duration":1449.1719000000012,"failureMessages":[],"meta":{}},{"ancestorTitles":["ForgotPasswordPage"],"fullName":"ForgotPasswordPage shows success UI when API returns success=true","status":"passed","title":"shows success UI when API returns success=true","duration":1528.8565999999992,"failureMessages":[],"meta":{}},{"ancestorTitles":["ForgotPasswordPage"],"fullName":"ForgotPasswordPage shows API error message when API returns success=false","status":"passed","title":"shows API error message when API returns success=false","duration":597.6389999999992,"failureMessages":[],"meta":{}},{"ancestorTitles":["ForgotPasswordPage"],"fullName":"ForgotPasswordPage shows default error message when API throws (no response message)","status":"passed","title":"shows default error message when API throws (no response message)","duration":650.8400000000001,"failureMessages":[],"meta":{}},{"ancestorTitles":["ForgotPasswordPage"],"fullName":"ForgotPasswordPage shows backend error message when API throws with response.data.message","status":"passed","title":"shows backend error message when API throws with response.data.message","duration":831.8719000000001,"failureMessages":[],"meta":{}},{"ancestorTitles":["ForgotPasswordPage"],"fullName":"ForgotPasswordPage disables input + button while loading","status":"passed","title":"disables input + button while loading","duration":644.9122000000025,"failureMessages":[],"meta":{}},{"ancestorTitles":["ForgotPasswordPage"],"fullName":"ForgotPasswordPage Try Different Email button returns to form","status":"passed","title":"Try Different Email button returns to form","duration":1012.4791000000005,"failureMessages":[],"meta":{}},{"ancestorTitles":["ForgotPasswordPage"],"fullName":"ForgotPasswordPage clears the email input after success (security)","status":"passed","title":"clears the email input after success (security)","duration":1030.2585,"failureMessages":[],"meta":{}}],"startTime":1773167496150,"endTime":1773167505811.2585,"status":"passed","message":"","name":"C:/Users/ganap/OneDrive/Attachments/Desktop/SE/CollabCanvas/frontend/src/__tests__/pages/ForgotPasswordPage.test.tsx"},{"assertionResults":[],"startTime":1773167487144,"endTime":1773167487144,"status":"failed","message":"Transform failed with 2 errors:\nC:/Users/ganap/OneDrive/Attachments/Desktop/SE/CollabCanvas/frontend/src/pages/LoginPage.tsx:145:10: ERROR: The symbol \"ipAddress\" has already been declared\nC:/Users/ganap/OneDrive/Attachments/Desktop/SE/CollabCanvas/frontend/src/pages/LoginPage.tsx:159:8: ERROR: Expected \"}\" but found \"ipAddress\"","name":"C:/Users/ganap/OneDrive/Attachments/Desktop/SE/CollabCanvas/frontend/src/__tests__/pages/LoginPage.test.tsx"},{"assertionResults":[{"ancestorTitles":["ProfilePage"],"fullName":"ProfilePage renders base layout with personal info (no tab navigation)","status":"passed","title":"renders base layout with personal info (no tab navigation)","duration":747.0978999999998,"failureMessages":[],"meta":{}},{"ancestorTitles":["ProfilePage"],"fullName":"ProfilePage display name validation: too short shows error","status":"passed","title":"display name validation: too short shows error","duration":190.6871000000001,"failureMessages":[],"meta":{}},{"ancestorTitles":["ProfilePage"],"fullName":"ProfilePage display name validation: invalid characters shows error","status":"passed","title":"display name validation: invalid characters shows error","duration":115.1881000000003,"failureMessages":[],"meta":{}},{"ancestorTitles":["ProfilePage"],"fullName":"ProfilePage bio updates and CharacterCounter updates","status":"passed","title":"bio updates and CharacterCounter updates","duration":134.74139999999989,"failureMessages":[],"meta":{}},{"ancestorTitles":["ProfilePage"],"fullName":"ProfilePage upload flow: selecting file opens cropper, crop completes updates avatar","status":"passed","title":"upload flow: selecting file opens cropper, crop completes updates avatar","duration":268.64930000000004,"failureMessages":[],"meta":{}},{"ancestorTitles":["ProfilePage"],"fullName":"ProfilePage save changes: invalid display name prevents updateProfile call","status":"passed","title":"save changes: invalid display name prevents updateProfile call","duration":123.97229999999945,"failureMessages":[],"meta":{}},{"ancestorTitles":["ProfilePage"],"fullName":"ProfilePage save changes: calls updateProfile and updates global user on success","status":"passed","title":"save changes: calls updateProfile and updates global user on success","duration":103.53319999999985,"failureMessages":[],"meta":{}},{"ancestorTitles":["ProfilePage"],"fullName":"ProfilePage save changes: shows message when updateProfile returns success=false","status":"passed","title":"save changes: shows message when updateProfile returns success=false","duration":100.68730000000141,"failureMessages":[],"meta":{}},{"ancestorTitles":["ProfilePage"],"fullName":"ProfilePage save changes: shows fallback error on thrown error","status":"passed","title":"save changes: shows fallback error on thrown error","duration":147.6172999999999,"failureMessages":[],"meta":{}}],"startTime":1773167502135,"endTime":1773167504067.6172,"status":"passed","message":"","name":"C:/Users/ganap/OneDrive/Attachments/Desktop/SE/CollabCanvas/frontend/src/__tests__/pages/ProfilePage.test.tsx"},{"assertionResults":[{"ancestorTitles":["RegisterPage"],"fullName":"RegisterPage renders all main inputs and submit button","status":"passed","title":"renders all main inputs and submit button","duration":858.3068999999996,"failureMessages":[],"meta":{}},{"ancestorTitles":["RegisterPage"],"fullName":"RegisterPage clicking Terms of Service opens modal","status":"passed","title":"clicking Terms of Service opens modal","duration":622.8158000000003,"failureMessages":[],"meta":{}},{"ancestorTitles":["RegisterPage"],"fullName":"RegisterPage clicking Privacy Policy opens modal","status":"passed","title":"clicking Privacy Policy opens modal","duration":222.01419999999962,"failureMessages":[],"meta":{}},{"ancestorTitles":["RegisterPage"],"fullName":"RegisterPage email validation: invalid email shows error message and aria-invalid=true","status":"passed","title":"email validation: invalid email shows error message and aria-invalid=true","duration":121.0497000000014,"failureMessages":[],"meta":{}},{"ancestorTitles":["RegisterPage"],"fullName":"RegisterPage submit: missing fields shows alert and does not call registerUser","status":"passed","title":"submit: missing fields shows alert and does not call registerUser","duration":110.03040000000146,"failureMessages":[],"meta":{}},{"ancestorTitles":["RegisterPage"],"fullName":"RegisterPage submit: username not available shows alert","status":"passed","title":"submit: username not available shows alert","duration":207.73749999999927,"failureMessages":[],"meta":{}},{"ancestorTitles":["RegisterPage"],"fullName":"RegisterPage submit: invalid email shows alert","status":"passed","title":"submit: invalid email shows alert","duration":193.78739999999925,"failureMessages":[],"meta":{}},{"ancestorTitles":["RegisterPage"],"fullName":"RegisterPage submit: not agreeing to terms shows alert","status":"passed","title":"submit: not agreeing to terms shows alert","duration":904.9236000000001,"failureMessages":[],"meta":{}},{"ancestorTitles":["RegisterPage"],"fullName":"RegisterPage submit: password too short shows alert","status":"passed","title":"submit: password too short shows alert","duration":1131.8365000000013,"failureMessages":[],"meta":{}},{"ancestorTitles":["RegisterPage"],"fullName":"RegisterPage successful registration: calls registerUser with normalized data and navigates","status":"passed","title":"successful registration: calls registerUser with normalized data and navigates","duration":349.3966999999993,"failureMessages":[],"meta":{}},{"ancestorTitles":["RegisterPage"],"fullName":"RegisterPage failed registration: shows alert with backend message","status":"passed","title":"failed registration: shows alert with backend message","duration":357.60070000000087,"failureMessages":[],"meta":{}},{"ancestorTitles":["RegisterPage"],"fullName":"RegisterPage thrown error registration: shows fallback alert message","status":"passed","title":"thrown error registration: shows fallback alert message","duration":253.3734999999997,"failureMessages":[],"meta":{}},{"ancestorTitles":["RegisterPage"],"fullName":"RegisterPage submit button disabled when terms not checked / username not available / email invalid","status":"passed","title":"submit button disabled when terms not checked / username not available / email invalid","duration":183.65849999999955,"failureMessages":[],"meta":{}}],"startTime":1773167496156,"endTime":1773167501679.6584,"status":"passed","message":"","name":"C:/Users/ganap/OneDrive/Attachments/Desktop/SE/CollabCanvas/frontend/src/__tests__/pages/RegisterPage.test.tsx"},{"assertionResults":[{"ancestorTitles":["RegistrationSuccess"],"fullName":"RegistrationSuccess renders the main heading","status":"passed","title":"renders the main heading","duration":418.3016000000007,"failureMessages":[],"meta":{}},{"ancestorTitles":["RegistrationSuccess"],"fullName":"RegistrationSuccess shows email from navigation state when provided","status":"passed","title":"shows email from navigation state when provided","duration":81.5006999999996,"failureMessages":[],"meta":{}},{"ancestorTitles":["RegistrationSuccess"],"fullName":"RegistrationSuccess shows fallback text \"your email\" when no state is provided","status":"passed","title":"shows fallback text \"your email\" when no state is provided","duration":26.72440000000006,"failureMessages":[],"meta":{}},{"ancestorTitles":["RegistrationSuccess"],"fullName":"RegistrationSuccess renders next steps instructions region","status":"passed","title":"renders next steps instructions region","duration":71.72479999999996,"failureMessages":[],"meta":{}},{"ancestorTitles":["RegistrationSuccess"],"fullName":"RegistrationSuccess renders Back to Login link with correct href","status":"passed","title":"renders Back to Login link with correct href","duration":53.58650000000034,"failureMessages":[],"meta":{}},{"ancestorTitles":["RegistrationSuccess"],"fullName":"RegistrationSuccess renders the alert message container","status":"passed","title":"renders the alert message container","duration":93.35009999999966,"failureMessages":[],"meta":{}}],"startTime":1773167508024,"endTime":1773167508770.35,"status":"passed","message":"","name":"C:/Users/ganap/OneDrive/Attachments/Desktop/SE/CollabCanvas/frontend/src/__tests__/pages/RegistrationSuccess.test.tsx"},{"assertionResults":[{"ancestorTitles":["ResetPasswordPage"],"fullName":"ResetPasswordPage renders reset form UI","status":"passed","title":"renders reset form UI","duration":726.5993999999992,"failureMessages":[],"meta":{}},{"ancestorTitles":["ResetPasswordPage"],"fullName":"ResetPasswordPage shows error if no token is present and no user is authenticated","status":"passed","title":"shows error if no token is present and no user is authenticated","duration":212.04839999999967,"failureMessages":[],"meta":{}},{"ancestorTitles":["ResetPasswordPage"],"fullName":"ResetPasswordPage toggles password visibility when clicking show/hide button","status":"passed","title":"toggles password visibility when clicking show/hide button","duration":442.9277000000002,"failureMessages":[],"meta":{}},{"ancestorTitles":["ResetPasswordPage"],"fullName":"ResetPasswordPage shows validation error when password is less than 8 chars","status":"passed","title":"shows validation error when password is less than 8 chars","duration":156.34490000000005,"failureMessages":[],"meta":{}},{"ancestorTitles":["ResetPasswordPage"],"fullName":"ResetPasswordPage shows validation error when passwords do not match","status":"passed","title":"shows validation error when passwords do not match","duration":105.65459999999985,"failureMessages":[],"meta":{}},{"ancestorTitles":["ResetPasswordPage"],"fullName":"ResetPasswordPage calls resetPassword API with token and password on valid submit","status":"passed","title":"calls resetPassword API with token and password on valid submit","duration":136.32920000000013,"failureMessages":[],"meta":{}},{"ancestorTitles":["ResetPasswordPage"],"fullName":"ResetPasswordPage shows success screen when resetPassword returns success","status":"passed","title":"shows success screen when resetPassword returns success","duration":288.15509999999995,"failureMessages":[],"meta":{}},{"ancestorTitles":["ResetPasswordPage"],"fullName":"ResetPasswordPage navigates to /login after 3 seconds on success","status":"passed","title":"navigates to /login after 3 seconds on success","duration":175.39450000000033,"failureMessages":[],"meta":{}},{"ancestorTitles":["ResetPasswordPage"],"fullName":"ResetPasswordPage shows API error message when resetPassword returns success=false","status":"passed","title":"shows API error message when resetPassword returns success=false","duration":252.8734999999997,"failureMessages":[],"meta":{}},{"ancestorTitles":["ResetPasswordPage"],"fullName":"ResetPasswordPage shows fallback error message when resetPassword throws","status":"passed","title":"shows fallback error message when resetPassword throws","duration":1649.7312999999995,"failureMessages":[],"meta":{}},{"ancestorTitles":["ResetPasswordPage"],"fullName":"ResetPasswordPage renders current password field when authenticated but no token","status":"passed","title":"renders current password field when authenticated but no token","duration":209.6216000000004,"failureMessages":[],"meta":{}},{"ancestorTitles":["ResetPasswordPage"],"fullName":"ResetPasswordPage calls changePassword API when authenticated but no token on valid submit","status":"passed","title":"calls changePassword API when authenticated but no token on valid submit","duration":165.72659999999996,"failureMessages":[],"meta":{}}],"startTime":1773167496155,"endTime":1773167500677.7266,"status":"passed","message":"","name":"C:/Users/ganap/OneDrive/Attachments/Desktop/SE/CollabCanvas/frontend/src/__tests__/pages/ResetPasswordPage.test.tsx"},{"assertionResults":[],"startTime":1773167487144,"endTime":1773167487144,"status":"failed","message":"Failed to resolve import \"qrcode.react\" from \"src/components/ui/InviteModal.tsx\". Does the file exist?","name":"C:/Users/ganap/OneDrive/Attachments/Desktop/SE/CollabCanvas/frontend/src/__tests__/pages/RoomPage.test.tsx"},{"assertionResults":[{"ancestorTitles":["accountDeletionService"],"fullName":"accountDeletionService clearUserData should remove auth/user data but preserve theme","status":"passed","title":"clearUserData should remove auth/user data but preserve theme","duration":6.881399999999303,"failureMessages":[],"meta":{}},{"ancestorTitles":["accountDeletionService"],"fullName":"accountDeletionService clearUserData should not set theme if it was not present","status":"passed","title":"clearUserData should not set theme if it was not present","duration":0.9111000000002605,"failureMessages":[],"meta":{}},{"ancestorTitles":["accountDeletionService"],"fullName":"accountDeletionService hasPendingDeletion should return false if no pending_deletion key exists","status":"passed","title":"hasPendingDeletion should return false if no pending_deletion key exists","duration":0.4562000000005355,"failureMessages":[],"meta":{}},{"ancestorTitles":["accountDeletionService"],"fullName":"accountDeletionService hasPendingDeletion should return true if pending_deletion exists","status":"passed","title":"hasPendingDeletion should return true if pending_deletion exists","duration":0.345299999999952,"failureMessages":[],"meta":{}},{"ancestorTitles":["accountDeletionService"],"fullName":"accountDeletionService getPendingDeletion should return null if nothing stored","status":"passed","title":"getPendingDeletion should return null if nothing stored","duration":0.3753999999998996,"failureMessages":[],"meta":{}},{"ancestorTitles":["accountDeletionService"],"fullName":"accountDeletionService getPendingDeletion should return parsed JSON if stored","status":"passed","title":"getPendingDeletion should return parsed JSON if stored","duration":1.124300000000403,"failureMessages":[],"meta":{}},{"ancestorTitles":["accountDeletionService"],"fullName":"accountDeletionService submitDeletionFeedback should return success and message","status":"passed","title":"submitDeletionFeedback should return success and message","duration":6.380099999999402,"failureMessages":[],"meta":{}},{"ancestorTitles":["accountDeletionService"],"fullName":"accountDeletionService cancelAccountDeletion should return success object","status":"passed","title":"cancelAccountDeletion should return success object","duration":7.115200000000186,"failureMessages":[],"meta":{}},{"ancestorTitles":["accountDeletionService"],"fullName":"accountDeletionService requestAccountDeletion should call api.delete and clearUserData if success=true","status":"passed","title":"requestAccountDeletion should call api.delete and clearUserData if success=true","duration":8.283699999999953,"failureMessages":[],"meta":{}},{"ancestorTitles":["accountDeletionService"],"fullName":"accountDeletionService requestAccountDeletion should NOT clearUserData if success=false","status":"passed","title":"requestAccountDeletion should NOT clearUserData if success=false","duration":0.62079999999969,"failureMessages":[],"meta":{}},{"ancestorTitles":["accountDeletionService"],"fullName":"accountDeletionService requestAccountDeletion should return error message if request fails","status":"passed","title":"requestAccountDeletion should return error message if request fails","duration":1.19590000000062,"failureMessages":[],"meta":{}},{"ancestorTitles":["accountDeletionService"],"fullName":"accountDeletionService requestAccountDeletion should return fallback message if no backend message","status":"passed","title":"requestAccountDeletion should return fallback message if no backend message","duration":0.5663000000004104,"failureMessages":[],"meta":{}}],"startTime":1773167512698,"endTime":1773167512734.5664,"status":"passed","message":"","name":"C:/Users/ganap/OneDrive/Attachments/Desktop/SE/CollabCanvas/frontend/src/__tests__/services/accountDeletionService.test.ts"},{"assertionResults":[{"ancestorTitles":["AuthContext"],"fullName":"AuthContext should initialize token from localStorage","status":"passed","title":"should initialize token from localStorage","duration":187.77139999999963,"failureMessages":[],"meta":{}},{"ancestorTitles":["AuthContext"],"fullName":"AuthContext should initialize user from localStorage","status":"passed","title":"should initialize user from localStorage","duration":11.457699999999932,"failureMessages":[],"meta":{}},{"ancestorTitles":["AuthContext"],"fullName":"AuthContext should return null if user JSON in localStorage is invalid","status":"passed","title":"should return null if user JSON in localStorage is invalid","duration":28.01379999999972,"failureMessages":[],"meta":{}},{"ancestorTitles":["AuthContext"],"fullName":"AuthContext login() should set token/user and store them in localStorage","status":"passed","title":"login() should set token/user and store them in localStorage","duration":335.1745000000001,"failureMessages":[],"meta":{}},{"ancestorTitles":["AuthContext"],"fullName":"AuthContext updateUser() should merge and update localStorage","status":"passed","title":"updateUser() should merge and update localStorage","duration":160.50790000000052,"failureMessages":[],"meta":{}},{"ancestorTitles":["AuthContext"],"fullName":"AuthContext logout() should clear state and localStorage and redirect","status":"passed","title":"logout() should clear state and localStorage and redirect","duration":114.76109999999971,"failureMessages":[],"meta":{}},{"ancestorTitles":["AuthContext"],"fullName":"AuthContext useAuth should throw error if used outside AuthProvider","status":"passed","title":"useAuth should throw error if used outside AuthProvider","duration":39.802700000000186,"failureMessages":[],"meta":{}}],"startTime":1773167506890,"endTime":1773167507767.8027,"status":"passed","message":"","name":"C:/Users/ganap/OneDrive/Attachments/Desktop/SE/CollabCanvas/frontend/src/__tests__/services/AuthContext.test.tsx"},{"assertionResults":[{"ancestorTitles":["passwordResetService","requestPasswordReset()"],"fullName":"passwordResetService requestPasswordReset() should return error if email is invalid","status":"passed","title":"should return error if email is invalid","duration":7.231200000000172,"failureMessages":[],"meta":{}},{"ancestorTitles":["passwordResetService","requestPasswordReset()"],"fullName":"passwordResetService requestPasswordReset() should call API and return success on valid email","status":"passed","title":"should call API and return success on valid email","duration":7.983999999999924,"failureMessages":[],"meta":{}},{"ancestorTitles":["passwordResetService","requestPasswordReset()"],"fullName":"passwordResetService requestPasswordReset() should return failure if API call fails","status":"passed","title":"should return failure if API call fails","duration":9.107700000000023,"failureMessages":[],"meta":{}},{"ancestorTitles":["passwordResetService","requestPasswordReset()"],"fullName":"passwordResetService requestPasswordReset() should return default failure message if API fails without message","status":"passed","title":"should return default failure message if API fails without message","duration":9.94479999999976,"failureMessages":[],"meta":{}},{"ancestorTitles":["passwordResetService","validateResetToken()"],"fullName":"passwordResetService validateResetToken() should call API and return valid status","status":"passed","title":"should call API and return valid status","duration":1.1514999999999418,"failureMessages":[],"meta":{}},{"ancestorTitles":["passwordResetService","validateResetToken()"],"fullName":"passwordResetService validateResetToken() should return invalid if API returns invalid","status":"passed","title":"should return invalid if API returns invalid","duration":1.6662999999998647,"failureMessages":[],"meta":{}},{"ancestorTitles":["passwordResetService","validateResetToken()"],"fullName":"passwordResetService validateResetToken() should return valid if API returns 404 (endpoint not exists logic)","status":"passed","title":"should return valid if API returns 404 (endpoint not exists logic)","duration":0.5009000000000015,"failureMessages":[],"meta":{}},{"ancestorTitles":["passwordResetService","resetPassword()"],"fullName":"passwordResetService resetPassword() should fail if password is too short","status":"passed","title":"should fail if password is too short","duration":1.6501000000002932,"failureMessages":[],"meta":{}},{"ancestorTitles":["passwordResetService","resetPassword()"],"fullName":"passwordResetService resetPassword() should call API and return success","status":"passed","title":"should call API and return success","duration":0.7979000000000269,"failureMessages":[],"meta":{}},{"ancestorTitles":["passwordResetService","resetPassword()"],"fullName":"passwordResetService resetPassword() should return failure if API call fails","status":"passed","title":"should return failure if API call fails","duration":21.98180000000002,"failureMessages":[],"meta":{}},{"ancestorTitles":["passwordResetService","canRequestReset()"],"fullName":"passwordResetService canRequestReset() should return true if no previous request exists","status":"passed","title":"should return true if no previous request exists","duration":0.6591000000003078,"failureMessages":[],"meta":{}},{"ancestorTitles":["passwordResetService","canRequestReset()"],"fullName":"passwordResetService canRequestReset() should return false if within cooldown period","status":"passed","title":"should return false if within cooldown period","duration":18.320999999999913,"failureMessages":[],"meta":{}},{"ancestorTitles":["passwordResetService","canRequestReset()"],"fullName":"passwordResetService canRequestReset() should return true if cooldown period has passed","status":"passed","title":"should return true if cooldown period has passed","duration":0.5359000000003107,"failureMessages":[],"meta":{}},{"ancestorTitles":["passwordResetService","trackResetRequest()"],"fullName":"passwordResetService trackResetRequest() should store reset request timestamp in localStorage","status":"passed","title":"should store reset request timestamp in localStorage","duration":21.848900000000413,"failureMessages":[],"meta":{}}],"startTime":1773167509226,"endTime":1773167509336.8489,"status":"passed","message":"","name":"C:/Users/ganap/OneDrive/Attachments/Desktop/SE/CollabCanvas/frontend/src/__tests__/services/passwordResetService.test.ts"},{"assertionResults":[{"ancestorTitles":["roomService","createRoom()"],"fullName":"roomService createRoom() should create room successfully","status":"passed","title":"should create room successfully","duration":7.504500000000007,"failureMessages":[],"meta":{}},{"ancestorTitles":["roomService","createRoom()"],"fullName":"roomService createRoom() should return failure on API error","status":"passed","title":"should return failure on API error","duration":1.2024000000001251,"failureMessages":[],"meta":{}},{"ancestorTitles":["roomService","createRoom()"],"fullName":"roomService createRoom() should fallback to default message if no backend message","status":"passed","title":"should fallback to default message if no backend message","duration":0.6845999999995911,"failureMessages":[],"meta":{}},{"ancestorTitles":["roomService","joinRoom()"],"fullName":"roomService joinRoom() should join room successfully","status":"passed","title":"should join room successfully","duration":1.787199999999757,"failureMessages":[],"meta":{}},{"ancestorTitles":["roomService","joinRoom()"],"fullName":"roomService joinRoom() should return failure on error","status":"passed","title":"should return failure on error","duration":0.9446000000007189,"failureMessages":[],"meta":{}},{"ancestorTitles":["roomService","getPublicRooms()"],"fullName":"roomService getPublicRooms() should fetch public rooms and map them","status":"passed","title":"should fetch public rooms and map them","duration":1.7411000000001877,"failureMessages":[],"meta":{}},{"ancestorTitles":["roomService","getPublicRooms()"],"fullName":"roomService getPublicRooms() should return empty list if backend returns no rooms","status":"passed","title":"should return empty list if backend returns no rooms","duration":1.0851000000002387,"failureMessages":[],"meta":{}},{"ancestorTitles":["roomService","getPublicRooms()"],"fullName":"roomService getPublicRooms() should return failure on error","status":"passed","title":"should return failure on error","duration":0.5707000000002154,"failureMessages":[],"meta":{}},{"ancestorTitles":["roomService","getMyRooms()"],"fullName":"roomService getMyRooms() should fetch my rooms","status":"passed","title":"should fetch my rooms","duration":0.6913999999997031,"failureMessages":[],"meta":{}},{"ancestorTitles":["roomService","getMyRooms()"],"fullName":"roomService getMyRooms() should return failure on error","status":"passed","title":"should return failure on error","duration":3.7367999999996755,"failureMessages":[],"meta":{}},{"ancestorTitles":["roomService","getRoom()"],"fullName":"roomService getRoom() should fetch room details","status":"passed","title":"should fetch room details","duration":5.305199999999786,"failureMessages":[],"meta":{}},{"ancestorTitles":["roomService","getRoom()"],"fullName":"roomService getRoom() should return failure on error","status":"passed","title":"should return failure on error","duration":4.350199999999859,"failureMessages":[],"meta":{}},{"ancestorTitles":["roomService","updateRoom()"],"fullName":"roomService updateRoom() should update room and map isPublic -> visibility","status":"passed","title":"should update room and map isPublic -> visibility","duration":5.562300000000505,"failureMessages":[],"meta":{}},{"ancestorTitles":["roomService","updateRoom()"],"fullName":"roomService updateRoom() should return failure on error","status":"passed","title":"should return failure on error","duration":1.2294000000001688,"failureMessages":[],"meta":{}},{"ancestorTitles":["roomService","deleteRoom()"],"fullName":"roomService deleteRoom() should delete room successfully","status":"passed","title":"should delete room successfully","duration":7.271700000000237,"failureMessages":[],"meta":{}},{"ancestorTitles":["roomService","deleteRoom()"],"fullName":"roomService deleteRoom() should return failure on error","status":"passed","title":"should return failure on error","duration":6.291299999999865,"failureMessages":[],"meta":{}},{"ancestorTitles":["roomService","leaveRoom()"],"fullName":"roomService leaveRoom() should leave room successfully","status":"passed","title":"should leave room successfully","duration":3.462300000000141,"failureMessages":[],"meta":{}},{"ancestorTitles":["roomService","leaveRoom()"],"fullName":"roomService leaveRoom() should return failure on error","status":"passed","title":"should return failure on error","duration":0.3132999999997992,"failureMessages":[],"meta":{}},{"ancestorTitles":["roomService","getParticipants()"],"fullName":"roomService getParticipants() should fetch participants list","status":"passed","title":"should fetch participants list","duration":9.224699999999757,"failureMessages":[],"meta":{}},{"ancestorTitles":["roomService","getParticipants()"],"fullName":"roomService getParticipants() should return failure on error","status":"passed","title":"should return failure on error","duration":6.574799999999414,"failureMessages":[],"meta":{}},{"ancestorTitles":["roomService","manageParticipant()"],"fullName":"roomService manageParticipant() should perform action on participant","status":"passed","title":"should perform action on participant","duration":5.157100000000355,"failureMessages":[],"meta":{}},{"ancestorTitles":["roomService","manageParticipant()"],"fullName":"roomService manageParticipant() should return failure on error with fallback action message","status":"passed","title":"should return failure on error with fallback action message","duration":0.9866999999994732,"failureMessages":[],"meta":{}},{"ancestorTitles":["roomService","inviteUsers()"],"fullName":"roomService inviteUsers() should invite users successfully","status":"passed","title":"should invite users successfully","duration":0.724699999999757,"failureMessages":[],"meta":{}},{"ancestorTitles":["roomService","inviteUsers()"],"fullName":"roomService inviteUsers() should return failure on error","status":"passed","title":"should return failure on error","duration":0.4013999999997395,"failureMessages":[],"meta":{}}],"startTime":1773167512146,"endTime":1773167512232.7246,"status":"passed","message":"","name":"C:/Users/ganap/OneDrive/Attachments/Desktop/SE/CollabCanvas/frontend/src/__tests__/services/roomService.test.ts"},{"assertionResults":[{"ancestorTitles":["checkUsernameAvailability"],"fullName":"checkUsernameAvailability should reject usernames shorter than 3 chars","status":"passed","title":"should reject usernames shorter than 3 chars","duration":319.89909999999963,"failureMessages":[],"meta":{}},{"ancestorTitles":["checkUsernameAvailability"],"fullName":"checkUsernameAvailability should reject usernames longer than 20 chars","status":"passed","title":"should reject usernames longer than 20 chars","duration":311.5612000000001,"failureMessages":[],"meta":{}},{"ancestorTitles":["checkUsernameAvailability"],"fullName":"checkUsernameAvailability should reject invalid characters","status":"passed","title":"should reject invalid characters","duration":324.47800000000007,"failureMessages":[],"meta":{}},{"ancestorTitles":["checkUsernameAvailability"],"fullName":"checkUsernameAvailability should detect taken username and return suggestions","status":"passed","title":"should detect taken username and return suggestions","duration":303.7002000000002,"failureMessages":[],"meta":{}},{"ancestorTitles":["checkUsernameAvailability"],"fullName":"checkUsernameAvailability should allow new username","status":"passed","title":"should allow new username","duration":313.78940000000057,"failureMessages":[],"meta":{}},{"ancestorTitles":["checkUsernameAvailability"],"fullName":"checkUsernameAvailability should treat username case-insensitively","status":"passed","title":"should treat username case-insensitively","duration":301.91359999999986,"failureMessages":[],"meta":{}},{"ancestorTitles":["checkUsernameAvailability"],"fullName":"checkUsernameAvailability should trim spaces before checking","status":"passed","title":"should trim spaces before checking","duration":307.7381999999998,"failureMessages":[],"meta":{}}],"startTime":1773167492895,"endTime":1773167495080.7383,"status":"passed","message":"","name":"C:/Users/ganap/OneDrive/Attachments/Desktop/SE/CollabCanvas/frontend/src/__tests__/services/usernameService.test.ts"},{"assertionResults":[{"ancestorTitles":["alignmentGuides","getElementBounds"],"fullName":"alignmentGuides getElementBounds returns bounds for a rectangle element","status":"passed","title":"returns bounds for a rectangle element","duration":2.54320000000007,"failureMessages":[],"meta":{}},{"ancestorTitles":["alignmentGuides","getElementBounds"],"fullName":"alignmentGuides getElementBounds handles negative width/height","status":"passed","title":"handles negative width/height","duration":0.37370000000009895,"failureMessages":[],"meta":{}},{"ancestorTitles":["alignmentGuides","getElementBounds"],"fullName":"alignmentGuides getElementBounds returns bounds from points for pencil elements","status":"passed","title":"returns bounds from points for pencil elements","duration":0.30729999999994106,"failureMessages":[],"meta":{}},{"ancestorTitles":["alignmentGuides","getElementBounds"],"fullName":"alignmentGuides getElementBounds returns null for elements with no position data","status":"passed","title":"returns null for elements with no position data","duration":0.17270000000007713,"failureMessages":[],"meta":{}},{"ancestorTitles":["alignmentGuides","findAlignmentGuides"],"fullName":"alignmentGuides findAlignmentGuides returns empty guides when no other elements exist","status":"passed","title":"returns empty guides when no other elements exist","duration":1.3528000000001157,"failureMessages":[],"meta":{}},{"ancestorTitles":["alignmentGuides","findAlignmentGuides"],"fullName":"alignmentGuides findAlignmentGuides snaps to aligned left edges","status":"passed","title":"snaps to aligned left edges","duration":0.2899000000002161,"failureMessages":[],"meta":{}},{"ancestorTitles":["alignmentGuides","findAlignmentGuides"],"fullName":"alignmentGuides findAlignmentGuides snaps to aligned center vertically","status":"passed","title":"snaps to aligned center vertically","duration":0.16780000000017026,"failureMessages":[],"meta":{}},{"ancestorTitles":["alignmentGuides","findAlignmentGuides"],"fullName":"alignmentGuides findAlignmentGuides does not snap when beyond threshold","status":"passed","title":"does not snap when beyond threshold","duration":0.2321999999999207,"failureMessages":[],"meta":{}},{"ancestorTitles":["alignmentGuides","findAlignmentGuides"],"fullName":"alignmentGuides findAlignmentGuides skips the moving element itself","status":"passed","title":"skips the moving element itself","duration":0.38350000000036744,"failureMessages":[],"meta":{}}],"startTime":1773167513085,"endTime":1773167513092.3835,"status":"passed","message":"","name":"C:/Users/ganap/OneDrive/Attachments/Desktop/SE/CollabCanvas/frontend/src/__tests__/utils/alignmentGuides.test.ts"},{"assertionResults":[{"ancestorTitles":["angleMeasurement","calculateAngle"],"fullName":"angleMeasurement calculateAngle returns 90 degrees for a right angle","status":"passed","title":"returns 90 degrees for a right angle","duration":12.918999999999869,"failureMessages":[],"meta":{}},{"ancestorTitles":["angleMeasurement","calculateAngle"],"fullName":"angleMeasurement calculateAngle returns 180 degrees for a straight line angle","status":"passed","title":"returns 180 degrees for a straight line angle","duration":6.311700000000201,"failureMessages":[],"meta":{}},{"ancestorTitles":["angleMeasurement","calculateAngle"],"fullName":"angleMeasurement calculateAngle returns 0 for same direction","status":"passed","title":"returns 0 for same direction","duration":3.6759000000001834,"failureMessages":[],"meta":{}},{"ancestorTitles":["angleMeasurement","calculateAngle"],"fullName":"angleMeasurement calculateAngle returns 270 for three-quarter turn","status":"failed","title":"returns 270 for three-quarter turn","duration":38.66640000000007,"failureMessages":["AssertionError: expected 90 to be close to 270, received difference is 180, but expected 0.5\n    at C:/Users/ganap/OneDrive/Attachments/Desktop/SE/CollabCanvas/frontend/src/__tests__/utils/angleMeasurement.test.ts:46:21\n    at file:///C:/Users/ganap/OneDrive/Attachments/Desktop/SE/CollabCanvas/frontend/node_modules/@vitest/runner/dist/index.js:145:11\n    at file:///C:/Users/ganap/OneDrive/Attachments/Desktop/SE/CollabCanvas/frontend/node_modules/@vitest/runner/dist/index.js:915:26\n    at file:///C:/Users/ganap/OneDrive/Attachments/Desktop/SE/CollabCanvas/frontend/node_modules/@vitest/runner/dist/index.js:1243:20\n    at new Promise (<anonymous>)\n    at runWithTimeout (file:///C:/Users/ganap/OneDrive/Attachments/Desktop/SE/CollabCanvas/frontend/node_modules/@vitest/runner/dist/index.js:1209:10)\n    at file:///C:/Users/ganap/OneDrive/Attachments/Desktop/SE/CollabCanvas/frontend/node_modules/@vitest/runner/dist/index.js:1653:37\n    at Traces.$ (file:///C:/Users/ganap/OneDrive/Attachments/Desktop/SE/CollabCanvas/frontend/node_modules/vitest/dist/chunks/traces.CCmnQaNT.js:142:27)\n    at trace (file:///C:/Users/ganap/OneDrive/Attachments/Desktop/SE/CollabCanvas/frontend/node_modules/vitest/dist/chunks/test.B8ej_ZHS.js:239:21)\n    at runTest (file:///C:/Users/ganap/OneDrive/Attachments/Desktop/SE/CollabCanvas/frontend/node_modules/@vitest/runner/dist/index.js:1653:12)"],"meta":{}},{"ancestorTitles":["angleMeasurement","calculateInteriorAngle"],"fullName":"angleMeasurement calculateInteriorAngle returns the smaller angle (≤ 180)","status":"passed","title":"returns the smaller angle (≤ 180)","duration":9.85910000000058,"failureMessages":[],"meta":{}},{"ancestorTitles":["angleMeasurement","calculateInteriorAngle"],"fullName":"angleMeasurement calculateInteriorAngle returns 180 for opposite directions","status":"passed","title":"returns 180 for opposite directions","duration":0.7993999999998778,"failureMessages":[],"meta":{}},{"ancestorTitles":["angleMeasurement","formatAngle"],"fullName":"angleMeasurement formatAngle formats with default precision","status":"passed","title":"formats with default precision","duration":5.606999999999971,"failureMessages":[],"meta":{}},{"ancestorTitles":["angleMeasurement","formatAngle"],"fullName":"angleMeasurement formatAngle formats with custom precision","status":"passed","title":"formats with custom precision","duration":0.34239999999954307,"failureMessages":[],"meta":{}},{"ancestorTitles":["angleMeasurement","formatAngle"],"fullName":"angleMeasurement formatAngle formats zero","status":"passed","title":"formats zero","duration":0.2011000000002241,"failureMessages":[],"meta":{}},{"ancestorTitles":["angleMeasurement","getAngleArcPath"],"fullName":"angleMeasurement getAngleArcPath returns a valid SVG path string","status":"passed","title":"returns a valid SVG path string","duration":4.425100000000384,"failureMessages":[],"meta":{}},{"ancestorTitles":["angleMeasurement","getAngleArcPath"],"fullName":"angleMeasurement getAngleArcPath uses correct start point","status":"passed","title":"uses correct start point","duration":0.3370999999997366,"failureMessages":[],"meta":{}},{"ancestorTitles":["angleMeasurement","getAngleLabelPosition"],"fullName":"angleMeasurement getAngleLabelPosition returns midpoint of the arc","status":"passed","title":"returns midpoint of the arc","duration":0.2988999999997759,"failureMessages":[],"meta":{}},{"ancestorTitles":["angleMeasurement","getLineAngle"],"fullName":"angleMeasurement getLineAngle returns 0 for horizontal right","status":"passed","title":"returns 0 for horizontal right","duration":0.2345000000004802,"failureMessages":[],"meta":{}},{"ancestorTitles":["angleMeasurement","getLineAngle"],"fullName":"angleMeasurement getLineAngle returns 90 for straight down","status":"passed","title":"returns 90 for straight down","duration":0.14310000000023138,"failureMessages":[],"meta":{}},{"ancestorTitles":["angleMeasurement","getLineAngle"],"fullName":"angleMeasurement getLineAngle returns 180 for horizontal left","status":"passed","title":"returns 180 for horizontal left","duration":0.1228000000000975,"failureMessages":[],"meta":{}}],"startTime":1773167492781,"endTime":1773167492875.2346,"status":"failed","message":"","name":"C:/Users/ganap/OneDrive/Attachments/Desktop/SE/CollabCanvas/frontend/src/__tests__/utils/angleMeasurement.test.ts"},{"assertionResults":[{"ancestorTitles":["utils/authService.ts","registerUser()"],"fullName":"utils/authService.ts registerUser() should call api.post and return response.data","status":"passed","title":"should call api.post and return response.data","duration":13.975099999999657,"failureMessages":[],"meta":{}},{"ancestorTitles":["utils/authService.ts","loginWithEmailPassword()"],"fullName":"utils/authService.ts loginWithEmailPassword() should call api.post with merged credentials + activityData","status":"passed","title":"should call api.post with merged credentials + activityData","duration":5.61220000000003,"failureMessages":[],"meta":{}},{"ancestorTitles":["utils/authService.ts","checkUsernameAvailability()"],"fullName":"utils/authService.ts checkUsernameAvailability() should call api.get and return response.data","status":"passed","title":"should call api.get and return response.data","duration":6.0448999999998705,"failureMessages":[],"meta":{}},{"ancestorTitles":["utils/authService.ts","updateProfile()"],"fullName":"utils/authService.ts updateProfile() should return response.data on success","status":"passed","title":"should return response.data on success","duration":1.6892000000002554,"failureMessages":[],"meta":{}},{"ancestorTitles":["utils/authService.ts","updateProfile()"],"fullName":"utils/authService.ts updateProfile() should return formatted error response on failure","status":"passed","title":"should return formatted error response on failure","duration":1.404500000000553,"failureMessages":[],"meta":{}},{"ancestorTitles":["utils/authService.ts","updateProfile()"],"fullName":"utils/authService.ts updateProfile() should return default message if error has no response.data.message","status":"passed","title":"should return default message if error has no response.data.message","duration":1.0168000000003303,"failureMessages":[],"meta":{}},{"ancestorTitles":["utils/authService.ts","verifyEmailToken()"],"fullName":"utils/authService.ts verifyEmailToken() should return response.data on success","status":"passed","title":"should return response.data on success","duration":0.93329999999969,"failureMessages":[],"meta":{}},{"ancestorTitles":["utils/authService.ts","verifyEmailToken()"],"fullName":"utils/authService.ts verifyEmailToken() should return error.response.data on failure","status":"passed","title":"should return error.response.data on failure","duration":3.543100000000777,"failureMessages":[],"meta":{}},{"ancestorTitles":["utils/authService.ts","verifyEmailToken()"],"fullName":"utils/authService.ts verifyEmailToken() should return default error if no response data exists","status":"passed","title":"should return default error if no response data exists","duration":26.533400000000256,"failureMessages":[],"meta":{}},{"ancestorTitles":["utils/authService.ts","getDeviceType()"],"fullName":"utils/authService.ts getDeviceType() should return Mobile for mobile userAgent","status":"passed","title":"should return Mobile for mobile userAgent","duration":1.3449999999993452,"failureMessages":[],"meta":{}},{"ancestorTitles":["utils/authService.ts","getDeviceType()"],"fullName":"utils/authService.ts getDeviceType() should return Tablet for tablet userAgent","status":"passed","title":"should return Tablet for tablet userAgent","duration":3.5293000000001484,"failureMessages":[],"meta":{}},{"ancestorTitles":["utils/authService.ts","getDeviceType()"],"fullName":"utils/authService.ts getDeviceType() should return Desktop for other userAgents","status":"passed","title":"should return Desktop for other userAgents","duration":1.4965999999994892,"failureMessages":[],"meta":{}},{"ancestorTitles":["utils/authService.ts","forgotPassword()"],"fullName":"utils/authService.ts forgotPassword() should call api.post and return response.data","status":"passed","title":"should call api.post and return response.data","duration":1.6550999999999476,"failureMessages":[],"meta":{}},{"ancestorTitles":["utils/authService.ts","resetPassword()"],"fullName":"utils/authService.ts resetPassword() should call api.post and return response.data","status":"passed","title":"should call api.post and return response.data","duration":5.083400000000438,"failureMessages":[],"meta":{}},{"ancestorTitles":["utils/authService.ts","changePassword()"],"fullName":"utils/authService.ts changePassword() should call api.put and return response.data","status":"passed","title":"should call api.put and return response.data","duration":3.3028999999996813,"failureMessages":[],"meta":{}},{"ancestorTitles":["utils/authService.ts","searchUsers()"],"fullName":"utils/authService.ts searchUsers() should return response.data on success","status":"passed","title":"should return response.data on success","duration":5.277200000000448,"failureMessages":[],"meta":{}},{"ancestorTitles":["utils/authService.ts","searchUsers()"],"fullName":"utils/authService.ts searchUsers() should return fallback object on failure","status":"passed","title":"should return fallback object on failure","duration":1.8292999999994208,"failureMessages":[],"meta":{}},{"ancestorTitles":["utils/authService.ts","inviteUsersToRoom()"],"fullName":"utils/authService.ts inviteUsersToRoom() should return response.data on success","status":"passed","title":"should return response.data on success","duration":5.337300000000141,"failureMessages":[],"meta":{}},{"ancestorTitles":["utils/authService.ts","inviteUsersToRoom()"],"fullName":"utils/authService.ts inviteUsersToRoom() should return fallback object on failure","status":"passed","title":"should return fallback object on failure","duration":1.2890000000006694,"failureMessages":[],"meta":{}},{"ancestorTitles":["utils/authService.ts","exportDrawing()"],"fullName":"utils/authService.ts exportDrawing() should return blob response.data on success","status":"passed","title":"should return blob response.data on success","duration":2.360500000000684,"failureMessages":[],"meta":{}},{"ancestorTitles":["utils/authService.ts","exportDrawing()"],"fullName":"utils/authService.ts exportDrawing() should throw Error with backend message if export fails","status":"passed","title":"should throw Error with backend message if export fails","duration":16.654899999999543,"failureMessages":[],"meta":{}},{"ancestorTitles":["utils/authService.ts","exportDrawing()"],"fullName":"utils/authService.ts exportDrawing() should throw Error with default message if export fails without backend message","status":"passed","title":"should throw Error with default message if export fails without backend message","duration":1.663499999999658,"failureMessages":[],"meta":{}},{"ancestorTitles":["utils/authService.ts","clearAuthTokens()"],"fullName":"utils/authService.ts clearAuthTokens() should clear auth keys but preserve user-theme","status":"passed","title":"should clear auth keys but preserve user-theme","duration":2.874300000000403,"failureMessages":[],"meta":{}},{"ancestorTitles":["utils/authService.ts","clearAuthTokens()"],"fullName":"utils/authService.ts clearAuthTokens() should not set user-theme back if it was not present","status":"passed","title":"should not set user-theme back if it was not present","duration":1.3612000000002809,"failureMessages":[],"meta":{}}],"startTime":1773167508921,"endTime":1773167509042.361,"status":"passed","message":"","name":"C:/Users/ganap/OneDrive/Attachments/Desktop/SE/CollabCanvas/frontend/src/__tests__/utils/authService.test.ts"},{"assertionResults":[{"ancestorTitles":["utils/debounce.ts"],"fullName":"utils/debounce.ts should delay function execution until wait time passes","status":"passed","title":"should delay function execution until wait time passes","duration":14.575400000000172,"failureMessages":[],"meta":{}},{"ancestorTitles":["utils/debounce.ts"],"fullName":"utils/debounce.ts should only call the function once if called multiple times quickly","status":"passed","title":"should only call the function once if called multiple times quickly","duration":2.6323999999999614,"failureMessages":[],"meta":{}},{"ancestorTitles":["utils/debounce.ts"],"fullName":"utils/debounce.ts should reset the timer each time it is called","status":"passed","title":"should reset the timer each time it is called","duration":2.745600000000195,"failureMessages":[],"meta":{}},{"ancestorTitles":["utils/debounce.ts"],"fullName":"utils/debounce.ts should pass multiple arguments correctly","status":"passed","title":"should pass multiple arguments correctly","duration":3.426100000000133,"failureMessages":[],"meta":{}}],"startTime":1773167511585,"endTime":1773167511609.426,"status":"passed","message":"","name":"C:/Users/ganap/OneDrive/Attachments/Desktop/SE/CollabCanvas/frontend/src/__tests__/utils/debounce.test.ts"},{"assertionResults":[{"ancestorTitles":["dimensionLines","createDimensionLine"],"fullName":"dimensionLines createDimensionLine creates a horizontal dimension line","status":"passed","title":"creates a horizontal dimension line","duration":3.1221999999997934,"failureMessages":[],"meta":{}},{"ancestorTitles":["dimensionLines","createDimensionLine"],"fullName":"dimensionLines createDimensionLine creates a vertical dimension line","status":"passed","title":"creates a vertical dimension line","duration":1.8843999999999141,"failureMessages":[],"meta":{}},{"ancestorTitles":["dimensionLines","createDimensionLine"],"fullName":"dimensionLines createDimensionLine creates a diagonal dimension line","status":"passed","title":"creates a diagonal dimension line","duration":0.5808999999999287,"failureMessages":[],"meta":{}},{"ancestorTitles":["dimensionLines","createDimensionLine"],"fullName":"dimensionLines createDimensionLine uses scale when provided","status":"passed","title":"uses scale when provided","duration":0.7948000000005777,"failureMessages":[],"meta":{}},{"ancestorTitles":["dimensionLines","createDimensionLine"],"fullName":"dimensionLines createDimensionLine extension lines start from measurement points","status":"passed","title":"extension lines start from measurement points","duration":0.8510000000005675,"failureMessages":[],"meta":{}},{"ancestorTitles":["dimensionLines","formatDimension"],"fullName":"dimensionLines formatDimension formats pixels with no scale","status":"passed","title":"formats pixels with no scale","duration":0.5167000000001281,"failureMessages":[],"meta":{}},{"ancestorTitles":["dimensionLines","formatDimension"],"fullName":"dimensionLines formatDimension formats with mm scale","status":"passed","title":"formats with mm scale","duration":0.475800000000163,"failureMessages":[],"meta":{}},{"ancestorTitles":["dimensionLines","formatDimension"],"fullName":"dimensionLines formatDimension formats with custom precision","status":"passed","title":"formats with custom precision","duration":0.38330000000041764,"failureMessages":[],"meta":{}},{"ancestorTitles":["dimensionLines","formatDimension"],"fullName":"dimensionLines formatDimension handles zero length","status":"passed","title":"handles zero length","duration":0.31970000000001164,"failureMessages":[],"meta":{}},{"ancestorTitles":["dimensionLines","getDimensionLineGeometry"],"fullName":"dimensionLines getDimensionLineGeometry returns extension lines, dimension line, arrowheads, and label","status":"passed","title":"returns extension lines, dimension line, arrowheads, and label","duration":6.073800000000119,"failureMessages":[],"meta":{}},{"ancestorTitles":["dimensionLines","getDimensionLineGeometry"],"fullName":"dimensionLines getDimensionLineGeometry arrowheads point in opposite directions","status":"passed","title":"arrowheads point in opposite directions","duration":0.4559999999992215,"failureMessages":[],"meta":{}},{"ancestorTitles":["dimensionLines","calculateArea"],"fullName":"dimensionLines calculateArea calculates pixel area","status":"passed","title":"calculates pixel area","duration":0.3055999999996857,"failureMessages":[],"meta":{}},{"ancestorTitles":["dimensionLines","calculateArea"],"fullName":"dimensionLines calculateArea calculates area with scale","status":"passed","title":"calculates area with scale","duration":0.1598999999996522,"failureMessages":[],"meta":{}}],"startTime":1773167511007,"endTime":1773167511025.3057,"status":"passed","message":"","name":"C:/Users/ganap/OneDrive/Attachments/Desktop/SE/CollabCanvas/frontend/src/__tests__/utils/dimensionLines.test.ts"},{"assertionResults":[{"ancestorTitles":["utils/emailValidation.ts","validateEmailFormat()"],"fullName":"utils/emailValidation.ts validateEmailFormat() should return invalid if email is empty","status":"passed","title":"should return invalid if email is empty","duration":8.309799999999996,"failureMessages":[],"meta":{}},{"ancestorTitles":["utils/emailValidation.ts","validateEmailFormat()"],"fullName":"utils/emailValidation.ts validateEmailFormat() should return invalid if email is only whitespace","status":"passed","title":"should return invalid if email is only whitespace","duration":0.580199999999877,"failureMessages":[],"meta":{}},{"ancestorTitles":["utils/emailValidation.ts","validateEmailFormat()"],"fullName":"utils/emailValidation.ts validateEmailFormat() should return invalid for wrong email format","status":"passed","title":"should return invalid for wrong email format","duration":0.5806000000002314,"failureMessages":[],"meta":{}},{"ancestorTitles":["utils/emailValidation.ts","validateEmailFormat()"],"fullName":"utils/emailValidation.ts validateEmailFormat() should return valid for correct email format","status":"passed","title":"should return valid for correct email format","duration":0.6190000000001419,"failureMessages":[],"meta":{}},{"ancestorTitles":["utils/emailValidation.ts","validateEmailFormat()"],"fullName":"utils/emailValidation.ts validateEmailFormat() should reject disposable email domains","status":"passed","title":"should reject disposable email domains","duration":0.4744999999998072,"failureMessages":[],"meta":{}},{"ancestorTitles":["utils/emailValidation.ts","validateEmailFormat()"],"fullName":"utils/emailValidation.ts validateEmailFormat() should reject disposable domains even if uppercase","status":"passed","title":"should reject disposable domains even if uppercase","duration":0.41780000000017026,"failureMessages":[],"meta":{}},{"ancestorTitles":["utils/emailValidation.ts","sendVerificationEmail()"],"fullName":"utils/emailValidation.ts sendVerificationEmail() should resolve success after delay and log output","status":"passed","title":"should resolve success after delay and log output","duration":11.281799999999748,"failureMessages":[],"meta":{}},{"ancestorTitles":["utils/emailValidation.ts","verifyEmailToken()"],"fullName":"utils/emailValidation.ts verifyEmailToken() should return success for valid token","status":"passed","title":"should return success for valid token","duration":2.7979999999997744,"failureMessages":[],"meta":{}},{"ancestorTitles":["utils/emailValidation.ts","verifyEmailToken()"],"fullName":"utils/emailValidation.ts verifyEmailToken() should return failure for short token","status":"passed","title":"should return failure for short token","duration":1.4069000000004053,"failureMessages":[],"meta":{}},{"ancestorTitles":["utils/emailValidation.ts","verifyEmailToken()"],"fullName":"utils/emailValidation.ts verifyEmailToken() should return failure for empty token","status":"passed","title":"should return failure for empty token","duration":1.9677000000001499,"failureMessages":[],"meta":{}},{"ancestorTitles":["utils/emailValidation.ts","resendVerificationEmail()"],"fullName":"utils/emailValidation.ts resendVerificationEmail() should resolve success after delay and log output","status":"passed","title":"should resolve success after delay and log output","duration":2.038800000000265,"failureMessages":[],"meta":{}}],"startTime":1773167511223,"endTime":1773167511256.0388,"status":"passed","message":"","name":"C:/Users/ganap/OneDrive/Attachments/Desktop/SE/CollabCanvas/frontend/src/__tests__/utils/emailValidation.test.ts"},{"assertionResults":[{"ancestorTitles":["utils/errorHandler.ts","getAuthErrorMessage()"],"fullName":"utils/errorHandler.ts getAuthErrorMessage() should map string containing \"invalid\" to INVALID_CREDENTIALS","status":"passed","title":"should map string containing \"invalid\" to INVALID_CREDENTIALS","duration":4.907599999999547,"failureMessages":[],"meta":{}},{"ancestorTitles":["utils/errorHandler.ts","getAuthErrorMessage()"],"fullName":"utils/errorHandler.ts getAuthErrorMessage() should map string containing \"network\" to NETWORK_ERROR","status":"passed","title":"should map string containing \"network\" to NETWORK_ERROR","duration":0.6980000000003201,"failureMessages":[],"meta":{}},{"ancestorTitles":["utils/errorHandler.ts","getAuthErrorMessage()"],"fullName":"utils/errorHandler.ts getAuthErrorMessage() should map string containing \"verified\" to EMAIL_NOT_VERIFIED","status":"passed","title":"should map string containing \"verified\" to EMAIL_NOT_VERIFIED","duration":1.14850000000024,"failureMessages":[],"meta":{}},{"ancestorTitles":["utils/errorHandler.ts","getAuthErrorMessage()"],"fullName":"utils/errorHandler.ts getAuthErrorMessage() should map string containing \"locked\" to ACCOUNT_LOCKED","status":"passed","title":"should map string containing \"locked\" to ACCOUNT_LOCKED","duration":2.738600000000588,"failureMessages":[],"meta":{}},{"ancestorTitles":["utils/errorHandler.ts","getAuthErrorMessage()"],"fullName":"utils/errorHandler.ts getAuthErrorMessage() should map string containing \"rate limit\" to RATE_LIMITED","status":"passed","title":"should map string containing \"rate limit\" to RATE_LIMITED","duration":0.7671000000000276,"failureMessages":[],"meta":{}},{"ancestorTitles":["utils/errorHandler.ts","getAuthErrorMessage()"],"fullName":"utils/errorHandler.ts getAuthErrorMessage() should map error.response.status 401 to INVALID_CREDENTIALS","status":"passed","title":"should map error.response.status 401 to INVALID_CREDENTIALS","duration":0.514299999999821,"failureMessages":[],"meta":{}},{"ancestorTitles":["utils/errorHandler.ts","getAuthErrorMessage()"],"fullName":"utils/errorHandler.ts getAuthErrorMessage() should map error.response.status 403 to ACCOUNT_LOCKED","status":"passed","title":"should map error.response.status 403 to ACCOUNT_LOCKED","duration":1.3924999999999272,"failureMessages":[],"meta":{}},{"ancestorTitles":["utils/errorHandler.ts","getAuthErrorMessage()"],"fullName":"utils/errorHandler.ts getAuthErrorMessage() should map error.response.status 423 to EMAIL_NOT_VERIFIED","status":"passed","title":"should map error.response.status 423 to EMAIL_NOT_VERIFIED","duration":0.39170000000012806,"failureMessages":[],"meta":{}},{"ancestorTitles":["utils/errorHandler.ts","getAuthErrorMessage()"],"fullName":"utils/errorHandler.ts getAuthErrorMessage() should map error.response.status 429 to RATE_LIMITED","status":"passed","title":"should map error.response.status 429 to RATE_LIMITED","duration":0.35019999999985885,"failureMessages":[],"meta":{}},{"ancestorTitles":["utils/errorHandler.ts","getAuthErrorMessage()"],"fullName":"utils/errorHandler.ts getAuthErrorMessage() should map error.response.status 500 to SERVER_ERROR","status":"passed","title":"should map error.response.status 500 to SERVER_ERROR","duration":0.803899999999885,"failureMessages":[],"meta":{}},{"ancestorTitles":["utils/errorHandler.ts","getAuthErrorMessage()"],"fullName":"utils/errorHandler.ts getAuthErrorMessage() should map error.message containing \"Network Error\" to NETWORK_ERROR","status":"passed","title":"should map error.message containing \"Network Error\" to NETWORK_ERROR","duration":0.761199999999917,"failureMessages":[],"meta":{}},{"ancestorTitles":["utils/errorHandler.ts","getAuthErrorMessage()"],"fullName":"utils/errorHandler.ts getAuthErrorMessage() should return default UNKNOWN error if nothing matches","status":"passed","title":"should return default UNKNOWN error if nothing matches","duration":1.0413000000007742,"failureMessages":[],"meta":{}},{"ancestorTitles":["utils/errorHandler.ts","getAuthErrorMessage()"],"fullName":"utils/errorHandler.ts getAuthErrorMessage() should use default fallback message if not provided","status":"passed","title":"should use default fallback message if not provided","duration":0.8747000000003027,"failureMessages":[],"meta":{}},{"ancestorTitles":["utils/errorHandler.ts","displayErrorMessage()"],"fullName":"utils/errorHandler.ts displayErrorMessage() should call alert with formatted message and correct icon","status":"passed","title":"should call alert with formatted message and correct icon","duration":3.1929000000000087,"failureMessages":[],"meta":{}},{"ancestorTitles":["utils/errorHandler.ts","displayErrorMessage()"],"fullName":"utils/errorHandler.ts displayErrorMessage() should show warning icon for warning type","status":"passed","title":"should show warning icon for warning type","duration":0.607199999999466,"failureMessages":[],"meta":{}},{"ancestorTitles":["utils/errorHandler.ts","logError()"],"fullName":"utils/errorHandler.ts logError() should call console.error with context and structured object","status":"passed","title":"should call console.error with context and structured object","duration":63.16519999999946,"failureMessages":[],"meta":{}},{"ancestorTitles":["utils/errorHandler.ts","logError()"],"fullName":"utils/errorHandler.ts logError() should use default context \"Authentication\" if none provided","status":"passed","title":"should use default context \"Authentication\" if none provided","duration":0.5448000000005777,"failureMessages":[],"meta":{}}],"startTime":1773167510165,"endTime":1773167510250.545,"status":"passed","message":"","name":"C:/Users/ganap/OneDrive/Attachments/Desktop/SE/CollabCanvas/frontend/src/__tests__/utils/errorHandler.test.ts"},{"assertionResults":[{"ancestorTitles":["geometry","distanceToLineSegment"],"fullName":"geometry distanceToLineSegment returns 0 for point on the segment","status":"passed","title":"returns 0 for point on the segment","duration":4.827199999999721,"failureMessages":[],"meta":{}},{"ancestorTitles":["geometry","distanceToLineSegment"],"fullName":"geometry distanceToLineSegment returns perpendicular distance","status":"passed","title":"returns perpendicular distance","duration":0.6619000000000597,"failureMessages":[],"meta":{}},{"ancestorTitles":["geometry","distanceToLineSegment"],"fullName":"geometry distanceToLineSegment returns distance to nearest endpoint if perpendicular falls outside","status":"passed","title":"returns distance to nearest endpoint if perpendicular falls outside","duration":0.5555000000003929,"failureMessages":[],"meta":{}},{"ancestorTitles":["geometry","isPointInElement - rectangle"],"fullName":"geometry isPointInElement - rectangle returns true for point inside","status":"passed","title":"returns true for point inside","duration":1.2300999999997657,"failureMessages":[],"meta":{}},{"ancestorTitles":["geometry","isPointInElement - rectangle"],"fullName":"geometry isPointInElement - rectangle returns false for point outside","status":"passed","title":"returns false for point outside","duration":0.4604999999996835,"failureMessages":[],"meta":{}},{"ancestorTitles":["geometry","isPointInElement - triangle"],"fullName":"geometry isPointInElement - triangle returns true for point inside triangle","status":"passed","title":"returns true for point inside triangle","duration":0.
[...]
iately when username >= 3","duration":67.09889999999905,"failureMessages":[],"meta":{}},{"ancestorTitles":["UsernameChecker"],"fullName":"UsernameChecker renders available state after API success","status":"passed","title":"renders available state after API success","duration":74.59429999999884,"failureMessages":[],"meta":{}},{"ancestorTitles":["UsernameChecker"],"fullName":"UsernameChecker calls onAvailabilityChange(true) when username is available","status":"passed","title":"calls onAvailabilityChange(true) when username is available","duration":10.453700000000026,"failureMessages":[],"meta":{}},{"ancestorTitles":["UsernameChecker"],"fullName":"UsernameChecker renders unavailable state and suggestions when not available","status":"passed","title":"renders unavailable state and suggestions when not available","duration":45.39429999999993,"failureMessages":[],"meta":{}},{"ancestorTitles":["UsernameChecker"],"fullName":"UsernameChecker calls onAvailabilityChange(false) when username is NOT available","status":"passed","title":"calls onAvailabilityChange(false) when username is NOT available","duration":16.575699999999415,"failureMessages":[],"meta":{}},{"ancestorTitles":["UsernameChecker"],"fullName":"UsernameChecker renders error message when API throws","status":"passed","title":"renders error message when API throws","duration":17.344300000000658,"failureMessages":[],"meta":{}},{"ancestorTitles":["UsernameChecker"],"fullName":"UsernameChecker debounce prevents multiple API calls for rapid typing","status":"passed","title":"debounce prevents multiple API calls for rapid typing","duration":39.00630000000092,"failureMessages":[],"meta":{}},{"ancestorTitles":["UsernameChecker"],"fullName":"UsernameChecker trims username before calling API","status":"passed","title":"trims username before calling API","duration":16.79110000000037,"failureMessages":[],"meta":{}}],"startTime":1773167505850,"endTime":1773167506784.791,"status":"passed","message":"","name":"C:/Users/ganap/OneDrive/Attachments/Desktop/SE/CollabCanvas/frontend/src/__tests__/components/ui/UsernameChecker.test.tsx"},{"assertionResults":[{"ancestorTitles":["CollaborativeCanvas"],"fullName":"CollaborativeCanvas renders without crashing","status":"failed","title":"renders without crashing","duration":206.47370000000046,"failureMessages":["Error: [vitest] No \"Hand\" export is defined on the \"lucide-react\" mock. Did you forget to return it from \"vi.mock\"?\nIf you need to partially mock a module, you can use \"importOriginal\" helper inside:\n\n    at VitestMocker.createError (file:///C:/Users/ganap/OneDrive/Attachments/Desktop/SE/CollabCanvas/frontend/node_modules/vitest/dist/chunks/startModuleRunner.DEj0jb3e.js:311:17)\n    at Object.get (file:///C:/Users/ganap/OneDrive/Attachments/Desktop/SE/CollabCanvas/frontend/node_modules/vitest/dist/chunks/startModuleRunner.DEj0jb3e.js:384:16)\n    at CollaborativeCanvas (C:/Users/ganap/OneDrive/Attachments/Desktop/SE/CollabCanvas/frontend/src/features/canvas/CollaborativeCanvas.tsx:2286:14)\n    at Object.react_stack_bottom_frame (C:\\Users\\ganap\\OneDrive\\Attachments\\Desktop\\SE\\CollabCanvas\\frontend\\node_modules\\react-dom\\cjs\\react-dom-client.development.js:25904:20)\n    at renderWithHooks (C:\\Users\\ganap\\OneDrive\\Attachments\\Desktop\\SE\\CollabCanvas\\frontend\\node_modules\\react-dom\\cjs\\react-dom-client.development.js:7662:22)\n    at updateFunctionComponent (C:\\Users\\ganap\\OneDrive\\Attachments\\Desktop\\SE\\CollabCanvas\\frontend\\node_modules\\react-dom\\cjs\\react-dom-client.development.js:10166:19)\n    at beginWork (C:\\Users\\ganap\\OneDrive\\Attachments\\Desktop\\SE\\CollabCanvas\\frontend\\node_modules\\react-dom\\cjs\\react-dom-client.development.js:11778:18)\n    at runWithFiberInDEV (C:\\Users\\ganap\\OneDrive\\Attachments\\Desktop\\SE\\CollabCanvas\\frontend\\node_modules\\react-dom\\cjs\\react-dom-client.development.js:874:13)\n    at performUnitOfWork (C:\\Users\\ganap\\OneDrive\\Attachments\\Desktop\\SE\\CollabCanvas\\frontend\\node_modules\\react-dom\\cjs\\react-dom-client.development.js:17641:22)\n    at workLoopSync (C:\\Users\\ganap\\OneDrive\\Attachments\\Desktop\\SE\\CollabCanvas\\frontend\\node_modules\\react-dom\\cjs\\react-dom-client.development.js:17469:41)"],"meta":{}},{"ancestorTitles":["CollaborativeCanvas"],"fullName":"CollaborativeCanvas shows canvas correctly","status":"failed","title":"shows canvas correctly","duration":36.183500000001004,"failureMessages":["Error: [vitest] No \"Hand\" export is defined on the \"lucide-react\" mock. Did you forget to return it from \"vi.mock\"?\nIf you need to partially mock a module, you can use \"importOriginal\" helper inside:\n\n    at VitestMocker.createError (file:///C:/Users/ganap/OneDrive/Attachments/Desktop/SE/CollabCanvas/frontend/node_modules/vitest/dist/chunks/startModuleRunner.DEj0jb3e.js:311:17)\n    at Object.get (file:///C:/Users/ganap/OneDrive/Attachments/Desktop/SE/CollabCanvas/frontend/node_modules/vitest/dist/chunks/startModuleRunner.DEj0jb3e.js:384:16)\n    at CollaborativeCanvas (C:/Users/ganap/OneDrive/Attachments/Desktop/SE/CollabCanvas/frontend/src/features/canvas/CollaborativeCanvas.tsx:2286:14)\n    at Object.react_stack_bottom_frame (C:\\Users\\ganap\\OneDrive\\Attachments\\Desktop\\SE\\CollabCanvas\\frontend\\node_modules\\react-dom\\cjs\\react-dom-client.development.js:25904:20)\n    at renderWithHooks (C:\\Users\\ganap\\OneDrive\\Attachments\\Desktop\\SE\\CollabCanvas\\frontend\\node_modules\\react-dom\\cjs\\react-dom-client.development.js:7662:22)\n    at updateFunctionComponent (C:\\Users\\ganap\\OneDrive\\Attachments\\Desktop\\SE\\CollabCanvas\\frontend\\node_modules\\react-dom\\cjs\\react-dom-client.development.js:10166:19)\n    at beginWork (C:\\Users\\ganap\\OneDrive\\Attachments\\Desktop\\SE\\CollabCanvas\\frontend\\node_modules\\react-dom\\cjs\\react-dom-client.development.js:11778:18)\n    at runWithFiberInDEV (C:\\Users\\ganap\\OneDrive\\Attachments\\Desktop\\SE\\CollabCanvas\\frontend\\node_modules\\react-dom\\cjs\\react-dom-client.development.js:874:13)\n    at performUnitOfWork (C:\\Users\\ganap\\OneDrive\\Attachments\\Desktop\\SE\\CollabCanvas\\frontend\\node_modules\\react-dom\\cjs\\react-dom-client.development.js:17641:22)\n    at workLoopSync (C:\\Users\\ganap\\OneDrive\\Attachments\\Desktop\\SE\\CollabCanvas\\frontend\\node_modules\\react-dom\\cjs\\react-dom-client.development.js:17469:41)"],"meta":{}}],"startTime":1773167497278,"endTime":1773167497520.1836,"status":"failed","message":"","name":"C:/Users/ganap/OneDrive/Attachments/Desktop/SE/CollabCanvas/frontend/src/__tests__/features/canvas/CollaborativeCanvas.test.tsx"},{"assertionResults":[{"ancestorTitles":["MinimalCanvas"],"fullName":"MinimalCanvas renders","status":"passed","title":"renders","duration":158.67039999999997,"failureMessages":[],"meta":{}}],"startTime":1773167509607,"endTime":1773167509765.6704,"status":"passed","message":"","name":"C:/Users/ganap/OneDrive/Attachments/Desktop/SE/CollabCanvas/frontend/src/__tests__/features/canvas/MinimalCanvas.test.tsx"},{"assertionResults":[{"ancestorTitles":["MyRoomsDashboard"],"fullName":"MyRoomsDashboard renders nothing when isOpen is false","status":"passed","title":"renders nothing when isOpen is false","duration":39.69710000000032,"failureMessages":[],"meta":{}},{"ancestorTitles":["MyRoomsDashboard"],"fullName":"MyRoomsDashboard calls roomService.getMyRooms when opened","status":"passed","title":"calls roomService.getMyRooms when opened","duration":160.3045000000002,"failureMessages":[],"meta":{}},{"ancestorTitles":["MyRoomsDashboard"],"fullName":"MyRoomsDashboard shows loading state initially","status":"passed","title":"shows loading state initially","duration":110.48449999999957,"failureMessages":[],"meta":{}},{"ancestorTitles":["MyRoomsDashboard"],"fullName":"MyRoomsDashboard renders rooms returned by service","status":"passed","title":"renders rooms returned by service","duration":192.66619999999966,"failureMessages":[],"meta":{}},{"ancestorTitles":["MyRoomsDashboard"],"fullName":"MyRoomsDashboard clicking a room triggers onRoomSelect with correct id","status":"passed","title":"clicking a room triggers onRoomSelect with correct id","duration":622.2275,"failureMessages":[],"meta":{}},{"ancestorTitles":["MyRoomsDashboard"],"fullName":"MyRoomsDashboard clicking close triggers onClose","status":"passed","title":"clicking close triggers onClose","duration":113.53019999999924,"failureMessages":[],"meta":{}}],"startTime":1773167494672,"endTime":1773167495911.5303,"status":"passed","message":"","name":"C:/Users/ganap/OneDrive/Attachments/Desktop/SE/CollabCanvas/frontend/src/__tests__/features/rooms/MyRoomsDashboard.test.tsx"},{"assertionResults":[{"ancestorTitles":["ParticipantsPanel"],"fullName":"ParticipantsPanel renders participants when panel is open","status":"passed","title":"renders participants when panel is open","duration":320.7933000000003,"failureMessages":[],"meta":{}},{"ancestorTitles":["ParticipantsPanel"],"fullName":"ParticipantsPanel search filters participants","status":"passed","title":"search filters participants","duration":442.3563000000004,"failureMessages":[],"meta":{}},{"ancestorTitles":["ParticipantsPanel"],"fullName":"ParticipantsPanel opens action menu when more button is clicked","status":"passed","title":"opens action menu when more button is clicked","duration":175.46900000000005,"failureMessages":[],"meta":{}},{"ancestorTitles":["ParticipantsPanel"],"fullName":"ParticipantsPanel promotes participant to moderator","status":"passed","title":"promotes participant to moderator","duration":156.02719999999954,"failureMessages":[],"meta":{}},{"ancestorTitles":["ParticipantsPanel"],"fullName":"ParticipantsPanel opens confirmation dialog for kick action","status":"passed","title":"opens confirmation dialog for kick action","duration":240.3768999999993,"failureMessages":[],"meta":{}},{"ancestorTitles":["ParticipantsPanel"],"fullName":"ParticipantsPanel calls onClose when close button is clicked","status":"passed","title":"calls onClose when close button is clicked","duration":44.54919999999947,"failureMessages":[],"meta":{}}],"startTime":1773167502659,"endTime":1773167504040.5493,"status":"passed","message":"","name":"C:/Users/ganap/OneDrive/Attachments/Desktop/SE/CollabCanvas/frontend/src/__tests__/features/rooms/ParticipantsPanel.test.tsx"},{"assertionResults":[{"ancestorTitles":["PublicRoomsGallery"],"fullName":"PublicRoomsGallery does not render when isOpen is false","status":"passed","title":"does not render when isOpen is false","duration":140.79829999999947,"failureMessages":[],"meta":{}},{"ancestorTitles":["PublicRoomsGallery"],"fullName":"PublicRoomsGallery renders gallery and rooms when isOpen is true","status":"passed","title":"renders gallery and rooms when isOpen is true","duration":522.0113000000001,"failureMessages":[],"meta":{}},{"ancestorTitles":["PublicRoomsGallery"],"fullName":"PublicRoomsGallery filters rooms based on search input","status":"passed","title":"filters rooms based on search input","duration":452.66390000000047,"failureMessages":[],"meta":{}},{"ancestorTitles":["PublicRoomsGallery"],"fullName":"PublicRoomsGallery calls onClose when close button is clicked","status":"passed","title":"calls onClose when close button is clicked","duration":294.90569999999934,"failureMessages":[],"meta":{}},{"ancestorTitles":["PublicRoomsGallery"],"fullName":"PublicRoomsGallery calls onJoinRoom when clicking a public room","status":"passed","title":"calls onJoinRoom when clicking a public room","duration":429.66069999999854,"failureMessages":[],"meta":{}},{"ancestorTitles":["PublicRoomsGallery"],"fullName":"PublicRoomsGallery prompts for password when joining a private room","status":"passed","title":"prompts for password when joining a private room","duration":510.16510000000017,"failureMessages":[],"meta":{}},{"ancestorTitles":["PublicRoomsGallery"],"fullName":"PublicRoomsGallery category filter buttons change categoryFilter state","status":"passed","title":"category filter buttons change categoryFilter state","duration":208.97519999999895,"failureMessages":[],"meta":{}},{"ancestorTitles":["PublicRoomsGallery"],"fullName":"PublicRoomsGallery refresh button triggers loadRooms","status":"passed","title":"refresh button triggers loadRooms","duration":201.23099999999977,"failureMessages":[],"meta":{}},{"ancestorTitles":["PublicRoomsGallery"],"fullName":"PublicRoomsGallery sort select changes sortBy state and reloads rooms","status":"passed","title":"sort select changes sortBy state and reloads rooms","duration":223.53209999999854,"failureMessages":[],"meta":{}},{"ancestorTitles":["PublicRoomsGallery"],"fullName":"PublicRoomsGallery load more button calls handleLoadMore","status":"passed","title":"load more button calls handleLoadMore","duration":2783.1304,"failureMessages":[],"meta":{}}],"startTime":1773167494722,"endTime":1773167500491.1304,"status":"passed","message":"","name":"C:/Users/ganap/OneDrive/Attachments/Desktop/SE/CollabCanvas/frontend/src/__tests__/features/rooms/PublicRoomsGallery.test.tsx"},{"assertionResults":[{"ancestorTitles":["RoomCreationModal"],"fullName":"RoomCreationModal does not render when isOpen is false","status":"passed","title":"does not render when isOpen is false","duration":196.98160000000007,"failureMessages":[],"meta":{}},{"ancestorTitles":["RoomCreationModal"],"fullName":"RoomCreationModal renders modal when isOpen is true","status":"passed","title":"renders modal when isOpen is true","duration":122.91119999999955,"failureMessages":[],"meta":{}},{"ancestorTitles":["RoomCreationModal"],"fullName":"RoomCreationModal validates empty room name","status":"skipped","title":"validates empty room name","failureMessages":[],"meta":{}},{"ancestorTitles":["RoomCreationModal"],"fullName":"RoomCreationModal validates room name length","status":"passed","title":"validates room name length","duration":339.77660000000014,"failureMessages":[],"meta":{}},{"ancestorTitles":["RoomCreationModal"],"fullName":"RoomCreationModal validates password for private room","status":"skipped","title":"validates password for private room","failureMessages":[],"meta":{}},{"ancestorTitles":["RoomCreationModal"],"fullName":"RoomCreationModal calls API and onRoomCreated for valid public room","status":"passed","title":"calls API and onRoomCreated for valid public room","duration":154.0626000000002,"failureMessages":[],"meta":{}},{"ancestorTitles":["RoomCreationModal"],"fullName":"RoomCreationModal shows API error message on failure","status":"passed","title":"shows API error message on failure","duration":261.2593999999999,"failureMessages":[],"meta":{}},{"ancestorTitles":["RoomCreationModal"],"fullName":"RoomCreationModal resets form when cancel is clicked","status":"passed","title":"resets form when cancel is clicked","duration":90.1233000000002,"failureMessages":[],"meta":{}},{"ancestorTitles":["RoomCreationModal"],"fullName":"RoomCreationModal disables inputs while creating","status":"passed","title":"disables inputs while creating","duration":118.33209999999963,"failureMessages":[],"meta":{}}],"startTime":1773167494430,"endTime":1773167495713.332,"status":"passed","message":"","name":"C:/Users/ganap/OneDrive/Attachments/Desktop/SE/CollabCanvas/frontend/src/__tests__/features/rooms/RoomCreationModal.test.tsx"},{"assertionResults":[{"ancestorTitles":["RoomJoinModal"],"fullName":"RoomJoinModal does not render when isOpen is false","status":"passed","title":"does not render when isOpen is false","duration":190.58400000000074,"failureMessages":[],"meta":{}},{"ancestorTitles":["RoomJoinModal"],"fullName":"RoomJoinModal renders modal when isOpen is true","status":"passed","title":"renders modal when isOpen is true","duration":179.02130000000034,"failureMessages":[],"meta":{}},{"ancestorTitles":["RoomJoinModal"],"fullName":"RoomJoinModal shows error if room code is empty and validateRoom is clicked","status":"skipped","title":"shows error if room code is empty and validateRoom is clicked","failureMessages":[],"meta":{}},{"ancestorTitles":["RoomJoinModal"],"fullName":"RoomJoinModal calls validateRoom API and proceeds if room does not require password","status":"passed","title":"calls validateRoom API and proceeds if room does not require password","duration":374.3792000000003,"failureMessages":[],"meta":{}},{"ancestorTitles":["RoomJoinModal"],"fullName":"RoomJoinModal shows password input if room requires password","status":"passed","title":"shows password input if room requires password","duration":284.3207000000002,"failureMessages":[],"meta":{}},{"ancestorTitles":["RoomJoinModal"],"fullName":"RoomJoinModal shows error if joinRoom fails","status":"passed","title":"shows error if joinRoom fails","duration":387.66309999999976,"failureMessages":[],"meta":{}},{"ancestorTitles":["RoomJoinModal"],"fullName":"RoomJoinModal shows error if join attempted with empty password on protected room","status":"skipped","title":"shows error if join attempted with empty password on protected room","failureMessages":[],"meta":{}},{"ancestorTitles":["RoomJoinModal"],"fullName":"RoomJoinModal resets form when modal is closed","status":"passed","title":"resets form when modal is closed","duration":132.93650000000162,"failureMessages":[],"meta":{}},{"ancestorTitles":["RoomJoinModal"],"fullName":"RoomJoinModal allows going back from password step to room code entry","status":"passed","title":"allows going back from password step to room code entry","duration":304.302099999999,"failureMessages":[],"meta":{}},{"ancestorTitles":["RoomJoinModal"],"fullName":"RoomJoinModal formats room code input to uppercase and removes invalid characters","status":"passed","title":"formats room code input to uppercase and removes invalid characters","duration":104.80240000000049,"failureMessages":[],"meta":{}}],"startTime":1773167503148,"endTime":1773167505107.8025,"status":"passed","message":"","name":"C:/Users/ganap/OneDrive/Attachments/Desktop/SE/CollabCanvas/frontend/src/__tests__/features/rooms/RoomJoinModal.test.tsx"},{"assertionResults":[{"ancestorTitles":["RoomSettingsPanel"],"fullName":"RoomSettingsPanel renders correctly when open","status":"passed","title":"renders correctly when open","duration":447.4890999999998,"failureMessages":[],"meta":{}},{"ancestorTitles":["RoomSettingsPanel"],"fullName":"RoomSettingsPanel updates form values on input change","status":"passed","title":"updates form values on input change","duration":144.32070000000022,"failureMessages":[],"meta":{}},{"ancestorTitles":["RoomSettingsPanel"],"fullName":"RoomSettingsPanel calls roomService.updateRoom and triggers onSettingsUpdated on save","status":"passed","title":"calls roomService.updateRoom and triggers onSettingsUpdated on save","duration":134.5543000000007,"failureMessages":[],"meta":{}},{"ancestorTitles":["RoomSettingsPanel"],"fullName":"RoomSettingsPanel shows error if room name is empty on save","status":"passed","title":"shows error if room name is empty on save","duration":165.6761000000006,"failureMessages":[],"meta":{}},{"ancestorTitles":["RoomSettingsPanel"],"fullName":"RoomSettingsPanel copies room ID and link to clipboard","status":"passed","title":"copies room ID and link to clipboard","duration":395.28099999999904,"failureMessages":[],"meta":{}},{"ancestorTitles":["RoomSettingsPanel"],"fullName":"RoomSettingsPanel handles delete room flow","status":"passed","title":"handles delete room flow","duration":180.71879999999874,"failureMessages":[],"meta":{}},{"ancestorTitles":["RoomSettingsPanel"],"fullName":"RoomSettingsPanel closes panel on cancel delete","status":"passed","title":"closes panel on cancel delete","duration":154.73639999999978,"failureMessages":[],"meta":{}}],"startTime":1773167494427,"endTime":1773167496050.7363,"status":"passed","message":"","name":"C:/Users/ganap/OneDrive/Attachments/Desktop/SE/CollabCanvas/frontend/src/__tests__/features/rooms/RoomSettingsPanel.test.tsx"}]}
